<?xml version="1.0" encoding="UTF-8"?>
<testng-results ignored="0" total="1" passed="1" failed="0" skipped="0">
  <reporter-output>
  </reporter-output>
  <suite started-at="2023-02-06T09:19:12 IST" name="Default suite" finished-at="2023-02-06T09:19:13 IST" duration-ms="967">
    <groups>
    </groups>
    <test started-at="2023-02-06T09:19:12 IST" name="Default test" finished-at="2023-02-06T09:19:13 IST" duration-ms="967">
      <class name="jdbcpack.JDBCClassExample">
        <test-method signature="printCusotmerDetails()[pri:0, instance:jdbcpack.JDBCClassExample@5ab956d7]" started-at="2023-02-06T09:19:12 IST" name="printCusotmerDetails" finished-at="2023-02-06T09:19:13 IST" duration-ms="889" status="PASS">
          <reporter-output>
          </reporter-output>
        </test-method> <!-- printCusotmerDetails -->
      </class> <!-- jdbcpack.JDBCClassExample -->
    </test> <!-- Default test -->
  </suite> <!-- Default suite -->
</testng-results>
